<?xml version="1.0" encoding="UTF-8"?>
<testsuites name="true" time="3.9230" tests="10" failures="0" skipped="1">
  <testsuite name="Root Suite" timestamp="2021-10-29T02:18:25" tests="0" file="cypress/integration/3-stage-1/1-css-selector.spec.ts" time="0.0000" failures="0">
  </testsuite>
  <testsuite name="Identifiers using CSS-Selectors" timestamp="2021-10-29T02:18:25" tests="10" time="3.9230" failures="0">
    <testcase name="Identifiers using CSS-Selectors Identify the element using class name" time="0.6450" classname="Identify the element using class name">
    </testcase>
    <testcase name="Identifiers using CSS-Selectors Identify the element using id" time="0.1190" classname="Identify the element using id">
    </testcase>
    <testcase name="Identifiers using CSS-Selectors Assert the title of the page" time="0.6250" classname="Assert the title of the page">
    </testcase>
    <testcase name="Identifiers using CSS-Selectors Identify the element using AND" time="0.1300" classname="Identify the element using AND">
    </testcase>
    <testcase name="Identifiers using CSS-Selectors Identify the element using Contains" time="0.0460" classname="Identify the element using Contains">
    </testcase>
    <testcase name="Identifiers using CSS-Selectors Identify the element using Starts with" time="0.1070" classname="Identify the element using Starts with">
    </testcase>
    <testcase name="Identifiers using CSS-Selectors Identify the element using Ends with" time="1.7940" classname="Identify the element using Ends with">
    </testcase>
    <testcase name="Identifiers using CSS-Selectors Identify the Count of all child node" time="0.2120" classname="Identify the Count of all child node">
    </testcase>
    <testcase name="Identifiers using CSS-Selectors Identify the all the siblings" time="0.2450" classname="Identify the all the siblings">
    </testcase>
  </testsuite>
</testsuites>